[2017-04-09 18:01:17,548] INFO [Group Metadata Manager on Broker 0]: Removed 0 expired offsets in 0 milliseconds. (kafka.coordinator.GroupMetadataManager)
[2017-04-09 18:02:30,853] INFO [GroupCoordinator 0]: Preparing to restabilize group console-consumer-12361 with old generation 0 (kafka.coordinator.GroupCoordinator)
[2017-04-09 18:02:30,853] INFO [GroupCoordinator 0]: Stabilized group console-consumer-12361 generation 1 (kafka.coordinator.GroupCoordinator)
[2017-04-09 18:02:30,856] INFO [GroupCoordinator 0]: Assignment received from leader for group console-consumer-12361 for generation 1 (kafka.coordinator.GroupCoordinator)
[2017-04-09 18:03:04,671] INFO [GroupCoordinator 0]: Preparing to restabilize group console-consumer-12361 with old generation 1 (kafka.coordinator.GroupCoordinator)
[2017-04-09 18:03:04,671] INFO [GroupCoordinator 0]: Group console-consumer-12361 with generation 2 is now empty (kafka.coordinator.GroupCoordinator)
[2017-04-09 18:11:17,558] INFO [Group Metadata Manager on Broker 0]: Removed 0 expired offsets in 0 milliseconds. (kafka.coordinator.GroupMetadataManager)
[2017-04-09 18:15:44,845] INFO [Kafka Server 0], shutting down (kafka.server.KafkaServer)
[2017-04-09 18:15:44,847] INFO [Kafka Server 0], Starting controlled shutdown (kafka.server.KafkaServer)
[2017-04-09 18:15:44,869] INFO [Kafka Server 0], Controlled shutdown succeeded (kafka.server.KafkaServer)
[2017-04-09 18:15:44,871] INFO [Socket Server on Broker 0], Shutting down (kafka.network.SocketServer)
[2017-04-09 18:15:44,877] INFO [Socket Server on Broker 0], Shutdown completed (kafka.network.SocketServer)
[2017-04-09 18:15:44,877] INFO [Kafka Request Handler on Broker 0], shutting down (kafka.server.KafkaRequestHandlerPool)
[2017-04-09 18:15:44,880] INFO [Kafka Request Handler on Broker 0], shut down completely (kafka.server.KafkaRequestHandlerPool)
[2017-04-09 18:15:44,884] INFO [ThrottledRequestReaper-Fetch], Shutting down (kafka.server.ClientQuotaManager$ThrottledRequestReaper)
[2017-04-09 18:15:45,161] INFO [ThrottledRequestReaper-Fetch], Shutdown completed (kafka.server.ClientQuotaManager$ThrottledRequestReaper)
[2017-04-09 18:15:45,161] INFO [ThrottledRequestReaper-Fetch], Stopped  (kafka.server.ClientQuotaManager$ThrottledRequestReaper)
[2017-04-09 18:15:45,161] INFO [ThrottledRequestReaper-Produce], Shutting down (kafka.server.ClientQuotaManager$ThrottledRequestReaper)
[2017-04-09 18:15:46,160] INFO [ThrottledRequestReaper-Produce], Stopped  (kafka.server.ClientQuotaManager$ThrottledRequestReaper)
[2017-04-09 18:15:46,160] INFO [ThrottledRequestReaper-Produce], Shutdown completed (kafka.server.ClientQuotaManager$ThrottledRequestReaper)
[2017-04-09 18:15:46,161] INFO [KafkaApi-0] Shutdown complete. (kafka.server.KafkaApis)
[2017-04-09 18:15:46,162] INFO [Replica Manager on Broker 0]: Shutting down (kafka.server.ReplicaManager)
[2017-04-09 18:15:46,162] INFO [ReplicaFetcherManager on broker 0] shutting down (kafka.server.ReplicaFetcherManager)
[2017-04-09 18:15:46,167] INFO [ReplicaFetcherManager on broker 0] shutdown completed (kafka.server.ReplicaFetcherManager)
[2017-04-09 18:15:46,167] INFO [ExpirationReaper-0], Shutting down (kafka.server.DelayedOperationPurgatory$ExpiredOperationReaper)
[2017-04-09 18:15:46,170] INFO [ExpirationReaper-0], Stopped  (kafka.server.DelayedOperationPurgatory$ExpiredOperationReaper)
[2017-04-09 18:15:46,170] INFO [ExpirationReaper-0], Shutdown completed (kafka.server.DelayedOperationPurgatory$ExpiredOperationReaper)
[2017-04-09 18:15:46,171] INFO [ExpirationReaper-0], Shutting down (kafka.server.DelayedOperationPurgatory$ExpiredOperationReaper)
[2017-04-09 18:15:46,347] INFO [ExpirationReaper-0], Stopped  (kafka.server.DelayedOperationPurgatory$ExpiredOperationReaper)
[2017-04-09 18:15:46,347] INFO [ExpirationReaper-0], Shutdown completed (kafka.server.DelayedOperationPurgatory$ExpiredOperationReaper)
[2017-04-09 18:15:46,350] INFO [Replica Manager on Broker 0]: Shut down completely (kafka.server.ReplicaManager)
[2017-04-09 18:15:46,351] INFO [ExpirationReaper-0], Shutting down (kafka.server.DelayedOperationPurgatory$ExpiredOperationReaper)
[2017-04-09 18:15:46,548] INFO [ExpirationReaper-0], Stopped  (kafka.server.DelayedOperationPurgatory$ExpiredOperationReaper)
[2017-04-09 18:15:46,548] INFO [ExpirationReaper-0], Shutdown completed (kafka.server.DelayedOperationPurgatory$ExpiredOperationReaper)
[2017-04-09 18:15:46,549] INFO [GroupCoordinator 0]: Shutting down. (kafka.coordinator.GroupCoordinator)
[2017-04-09 18:15:46,549] INFO [ExpirationReaper-0], Shutting down (kafka.server.DelayedOperationPurgatory$ExpiredOperationReaper)
[2017-04-09 18:15:46,722] INFO [ExpirationReaper-0], Stopped  (kafka.server.DelayedOperationPurgatory$ExpiredOperationReaper)
[2017-04-09 18:15:46,722] INFO [ExpirationReaper-0], Shutdown completed (kafka.server.DelayedOperationPurgatory$ExpiredOperationReaper)
[2017-04-09 18:15:46,722] INFO [ExpirationReaper-0], Shutting down (kafka.server.DelayedOperationPurgatory$ExpiredOperationReaper)
[2017-04-09 18:15:46,777] INFO [ExpirationReaper-0], Stopped  (kafka.server.DelayedOperationPurgatory$ExpiredOperationReaper)
[2017-04-09 18:15:46,777] INFO [ExpirationReaper-0], Shutdown completed (kafka.server.DelayedOperationPurgatory$ExpiredOperationReaper)
[2017-04-09 18:15:46,778] INFO [GroupCoordinator 0]: Shutdown complete. (kafka.coordinator.GroupCoordinator)
[2017-04-09 18:15:46,781] INFO Shutting down. (kafka.log.LogManager)
[2017-04-09 18:15:46,823] INFO Shutdown complete. (kafka.log.LogManager)
[2017-04-09 18:15:46,835] INFO [Kafka Server 0], shut down completed (kafka.server.KafkaServer)
[2017-04-09 18:16:06,402] INFO KafkaConfig values: 
	advertised.host.name = null
	advertised.listeners = null
	advertised.port = null
	authorizer.class.name = 
	auto.create.topics.enable = true
	auto.leader.rebalance.enable = true
	background.threads = 10
	broker.id = 0
	broker.id.generation.enable = true
	broker.rack = null
	compression.type = producer
	connections.max.idle.ms = 600000
	controlled.shutdown.enable = true
	controlled.shutdown.max.retries = 3
	controlled.shutdown.retry.backoff.ms = 5000
	controller.socket.timeout.ms = 30000
	create.topic.policy.class.name = null
	default.replication.factor = 1
	delete.topic.enable = false
	fetch.purgatory.purge.interval.requests = 1000
	group.max.session.timeout.ms = 300000
	group.min.session.timeout.ms = 6000
	host.name = 
	inter.broker.listener.name = null
	inter.broker.protocol.version = 0.10.2-IV0
	leader.imbalance.check.interval.seconds = 300
	leader.imbalance.per.broker.percentage = 10
	listener.security.protocol.map = SSL:SSL,SASL_PLAINTEXT:SASL_PLAINTEXT,TRACE:TRACE,SASL_SSL:SASL_SSL,PLAINTEXT:PLAINTEXT
	listeners = null
	log.cleaner.backoff.ms = 15000
	log.cleaner.dedupe.buffer.size = 134217728
	log.cleaner.delete.retention.ms = 86400000
	log.cleaner.enable = true
	log.cleaner.io.buffer.load.factor = 0.9
	log.cleaner.io.buffer.size = 524288
	log.cleaner.io.max.bytes.per.second = 1.7976931348623157E308
	log.cleaner.min.cleanable.ratio = 0.5
	log.cleaner.min.compaction.lag.ms = 0
	log.cleaner.threads = 1
	log.cleanup.policy = [delete]
	log.dir = /tmp/kafka-logs
	log.dirs = /tmp/kafka-logs
	log.flush.interval.messages = 9223372036854775807
	log.flush.interval.ms = null
	log.flush.offset.checkpoint.interval.ms = 60000
	log.flush.scheduler.interval.ms = 9223372036854775807
	log.index.interval.bytes = 4096
	log.index.size.max.bytes = 10485760
	log.message.format.version = 0.10.2-IV0
	log.message.timestamp.difference.max.ms = 9223372036854775807
	log.message.timestamp.type = CreateTime
	log.preallocate = false
	log.retention.bytes = -1
	log.retention.check.interval.ms = 300000
	log.retention.hours = 168
	log.retention.minutes = null
	log.retention.ms = null
	log.roll.hours = 168
	log.roll.jitter.hours = 0
	log.roll.jitter.ms = null
	log.roll.ms = null
	log.segment.bytes = 1073741824
	log.segment.delete.delay.ms = 60000
	max.connections.per.ip = 2147483647
	max.connections.per.ip.overrides = 
	message.max.bytes = 1000012
	metric.reporters = []
	metrics.num.samples = 2
	metrics.recording.level = INFO
	metrics.sample.window.ms = 30000
	min.insync.replicas = 1
	num.io.threads = 8
	num.network.threads = 3
	num.partitions = 1
	num.recovery.threads.per.data.dir = 1
	num.replica.fetchers = 1
	offset.metadata.max.bytes = 4096
	offsets.commit.required.acks = -1
	offsets.commit.timeout.ms = 5000
	offsets.load.buffer.size = 5242880
	offsets.retention.check.interval.ms = 600000
	offsets.retention.minutes = 1440
	offsets.topic.compression.codec = 0
	offsets.topic.num.partitions = 50
	offsets.topic.replication.factor = 3
	offsets.topic.segment.bytes = 104857600
	port = 9092
	principal.builder.class = class org.apache.kafka.common.security.auth.DefaultPrincipalBuilder
	producer.purgatory.purge.interval.requests = 1000
	queued.max.requests = 500
	quota.consumer.default = 9223372036854775807
	quota.producer.default = 9223372036854775807
	quota.window.num = 11
	quota.window.size.seconds = 1
	replica.fetch.backoff.ms = 1000
	replica.fetch.max.bytes = 1048576
	replica.fetch.min.bytes = 1
	replica.fetch.response.max.bytes = 10485760
	replica.fetch.wait.max.ms = 500
	replica.high.watermark.checkpoint.interval.ms = 5000
	replica.lag.time.max.ms = 10000
	replica.socket.receive.buffer.bytes = 65536
	replica.socket.timeout.ms = 30000
	replication.quota.window.num = 11
	replication.quota.window.size.seconds = 1
	request.timeout.ms = 30000
	reserved.broker.max.id = 1000
	sasl.enabled.mechanisms = [GSSAPI]
	sasl.kerberos.kinit.cmd = /usr/bin/kinit
	sasl.kerberos.min.time.before.relogin = 60000
	sasl.kerberos.principal.to.local.rules = [DEFAULT]
	sasl.kerberos.service.name = null
	sasl.kerberos.ticket.renew.jitter = 0.05
	sasl.kerberos.ticket.renew.window.factor = 0.8
	sasl.mechanism.inter.broker.protocol = GSSAPI
	security.inter.broker.protocol = PLAINTEXT
	socket.receive.buffer.bytes = 102400
	socket.request.max.bytes = 104857600
	socket.send.buffer.bytes = 102400
	ssl.cipher.suites = null
	ssl.client.auth = none
	ssl.enabled.protocols = [TLSv1.2, TLSv1.1, TLSv1]
	ssl.endpoint.identification.algorithm = null
	ssl.key.password = null
	ssl.keymanager.algorithm = SunX509
	ssl.keystore.location = null
	ssl.keystore.password = null
	ssl.keystore.type = JKS
	ssl.protocol = TLS
	ssl.provider = null
	ssl.secure.random.implementation = null
	ssl.trustmanager.algorithm = PKIX
	ssl.truststore.location = null
	ssl.truststore.password = null
	ssl.truststore.type = JKS
	unclean.leader.election.enable = true
	zookeeper.connect = localhost:2181
	zookeeper.connection.timeout.ms = 6000
	zookeeper.session.timeout.ms = 6000
	zookeeper.set.acl = false
	zookeeper.sync.time.ms = 2000
 (kafka.server.KafkaConfig)
[2017-04-09 18:16:06,446] INFO starting (kafka.server.KafkaServer)
[2017-04-09 18:16:06,448] INFO Connecting to zookeeper on localhost:2181 (kafka.server.KafkaServer)
[2017-04-09 18:16:11,693] INFO Cluster ID = RVbFpMNbQFyMqTnyr6rTfw (kafka.server.KafkaServer)
[2017-04-09 18:16:11,712] INFO [ThrottledRequestReaper-Fetch], Starting  (kafka.server.ClientQuotaManager$ThrottledRequestReaper)
[2017-04-09 18:16:11,713] INFO [ThrottledRequestReaper-Produce], Starting  (kafka.server.ClientQuotaManager$ThrottledRequestReaper)
[2017-04-09 18:16:11,762] INFO Loading logs. (kafka.log.LogManager)
[2017-04-09 18:16:11,813] INFO Completed load of log __consumer_offsets-0 with 1 log segments and log end offset 4 in 34 ms (kafka.log.Log)
[2017-04-09 18:16:11,821] INFO Completed load of log __consumer_offsets-1 with 1 log segments and log end offset 0 in 2 ms (kafka.log.Log)
[2017-04-09 18:16:11,826] INFO Completed load of log __consumer_offsets-10 with 1 log segments and log end offset 0 in 2 ms (kafka.log.Log)
[2017-04-09 18:16:11,832] INFO Completed load of log __consumer_offsets-11 with 1 log segments and log end offset 36 in 3 ms (kafka.log.Log)
[2017-04-09 18:16:11,836] INFO Completed load of log __consumer_offsets-12 with 1 log segments and log end offset 0 in 2 ms (kafka.log.Log)
[2017-04-09 18:16:11,840] INFO Completed load of log __consumer_offsets-13 with 1 log segments and log end offset 0 in 2 ms (kafka.log.Log)
[2017-04-09 18:16:11,845] INFO Completed load of log __consumer_offsets-14 with 1 log segments and log end offset 9 in 2 ms (kafka.log.Log)
[2017-04-09 18:16:11,847] INFO Completed load of log __consumer_offsets-15 with 1 log segments and log end offset 0 in 1 ms (kafka.log.Log)
[2017-04-09 18:16:11,850] INFO Completed load of log __consumer_offsets-16 with 1 log segments and log end offset 0 in 1 ms (kafka.log.Log)
[2017-04-09 18:16:11,853] INFO Completed load of log __consumer_offsets-17 with 1 log segments and log end offset 0 in 1 ms (kafka.log.Log)
[2017-04-09 18:16:11,857] INFO Completed load of log __consumer_offsets-18 with 1 log segments and log end offset 0 in 1 ms (kafka.log.Log)
[2017-04-09 18:16:11,860] INFO Completed load of log __consumer_offsets-19 with 1 log segments and log end offset 0 in 1 ms (kafka.log.Log)
[2017-04-09 18:16:11,863] INFO Completed load of log __consumer_offsets-2 with 1 log segments and log end offset 0 in 1 ms (kafka.log.Log)
[2017-04-09 18:16:11,865] INFO Completed load of log __consumer_offsets-20 with 1 log segments and log end offset 0 in 1 ms (kafka.log.Log)
[2017-04-09 18:16:11,868] INFO Completed load of log __consumer_offsets-21 with 1 log segments and log end offset 0 in 1 ms (kafka.log.Log)
[2017-04-09 18:16:11,871] INFO Completed load of log __consumer_offsets-22 with 1 log segments and log end offset 0 in 1 ms (kafka.log.Log)
[2017-04-09 18:16:11,874] INFO Completed load of log __consumer_offsets-23 with 1 log segments and log end offset 0 in 1 ms (kafka.log.Log)
[2017-04-09 18:16:11,878] INFO Completed load of log __consumer_offsets-24 with 1 log segments and log end offset 0 in 1 ms (kafka.log.Log)
[2017-04-09 18:16:11,880] INFO Completed load of log __consumer_offsets-25 with 1 log segments and log end offset 0 in 1 ms (kafka.log.Log)
[2017-04-09 18:16:11,883] INFO Completed load of log __consumer_offsets-26 with 1 log segments and log end offset 0 in 2 ms (kafka.log.Log)
[2017-04-09 18:16:11,885] INFO Completed load of log __consumer_offsets-27 with 1 log segments and log end offset 0 in 1 ms (kafka.log.Log)
[2017-04-09 18:16:11,887] INFO Completed load of log __consumer_offsets-28 with 1 log segments and log end offset 0 in 1 ms (kafka.log.Log)
[2017-04-09 18:16:11,891] INFO Completed load of log __consumer_offsets-29 with 1 log segments and log end offset 3 in 2 ms (kafka.log.Log)
[2017-04-09 18:16:11,894] INFO Completed load of log __consumer_offsets-3 with 1 log segments and log end offset 0 in 2 ms (kafka.log.Log)
[2017-04-09 18:16:11,898] INFO Completed load of log __consumer_offsets-30 with 1 log segments and log end offset 0 in 3 ms (kafka.log.Log)
[2017-04-09 18:16:11,901] INFO Completed load of log __consumer_offsets-31 with 1 log segments and log end offset 0 in 1 ms (kafka.log.Log)
[2017-04-09 18:16:11,904] INFO Completed load of log __consumer_offsets-32 with 1 log segments and log end offset 0 in 1 ms (kafka.log.Log)
[2017-04-09 18:16:11,911] INFO Completed load of log __consumer_offsets-33 with 1 log segments and log end offset 0 in 2 ms (kafka.log.Log)
[2017-04-09 18:16:11,914] INFO Completed load of log __consumer_offsets-34 with 1 log segments and log end offset 0 in 2 ms (kafka.log.Log)
[2017-04-09 18:16:11,917] INFO Completed load of log __consumer_offsets-35 with 1 log segments and log end offset 0 in 1 ms (kafka.log.Log)
[2017-04-09 18:16:11,920] INFO Completed load of log __consumer_offsets-36 with 1 log segments and log end offset 0 in 1 ms (kafka.log.Log)
[2017-04-09 18:16:11,923] INFO Completed load of log __consumer_offsets-37 with 1 log segments and log end offset 0 in 1 ms (kafka.log.Log)
[2017-04-09 18:16:11,926] INFO Completed load of log __consumer_offsets-38 with 1 log segments and log end offset 0 in 1 ms (kafka.log.Log)
[2017-04-09 18:16:11,928] INFO Completed load of log __consumer_offsets-39 with 1 log segments and log end offset 0 in 1 ms (kafka.log.Log)
[2017-04-09 18:16:11,932] INFO Completed load of log __consumer_offsets-4 with 1 log segments and log end offset 0 in 2 ms (kafka.log.Log)
[2017-04-09 18:16:11,939] INFO Completed load of log __consumer_offsets-40 with 1 log segments and log end offset 0 in 5 ms (kafka.log.Log)
[2017-04-09 18:16:11,945] INFO Completed load of log __consumer_offsets-41 with 1 log segments and log end offset 0 in 1 ms (kafka.log.Log)
[2017-04-09 18:16:11,948] INFO Completed load of log __consumer_offsets-42 with 1 log segments and log end offset 0 in 2 ms (kafka.log.Log)
[2017-04-09 18:16:11,951] INFO Completed load of log __consumer_offsets-43 with 1 log segments and log end offset 0 in 2 ms (kafka.log.Log)
[2017-04-09 18:16:11,954] INFO Completed load of log __consumer_offsets-44 with 1 log segments and log end offset 0 in 1 ms (kafka.log.Log)
[2017-04-09 18:16:11,958] INFO Completed load of log __consumer_offsets-45 with 1 log segments and log end offset 0 in 2 ms (kafka.log.Log)
[2017-04-09 18:16:11,961] INFO Completed load of log __consumer_offsets-46 with 1 log segments and log end offset 0 in 2 ms (kafka.log.Log)
[2017-04-09 18:16:11,964] INFO Completed load of log __consumer_offsets-47 with 1 log segments and log end offset 0 in 1 ms (kafka.log.Log)
[2017-04-09 18:16:11,968] INFO Completed load of log __consumer_offsets-48 with 1 log segments and log end offset 0 in 2 ms (kafka.log.Log)
[2017-04-09 18:16:11,973] INFO Completed load of log __consumer_offsets-49 with 1 log segments and log end offset 5 in 4 ms (kafka.log.Log)
[2017-04-09 18:16:11,976] INFO Completed load of log __consumer_offsets-5 with 1 log segments and log end offset 0 in 1 ms (kafka.log.Log)
[2017-04-09 18:16:11,978] INFO Completed load of log __consumer_offsets-6 with 1 log segments and log end offset 0 in 1 ms (kafka.log.Log)
[2017-04-09 18:16:11,984] INFO Completed load of log __consumer_offsets-7 with 1 log segments and log end offset 0 in 3 ms (kafka.log.Log)
[2017-04-09 18:16:11,986] INFO Completed load of log __consumer_offsets-8 with 1 log segments and log end offset 0 in 1 ms (kafka.log.Log)
[2017-04-09 18:16:11,988] INFO Completed load of log __consumer_offsets-9 with 1 log segments and log end offset 0 in 1 ms (kafka.log.Log)
[2017-04-09 18:16:11,995] INFO Completed load of log test-0 with 1 log segments and log end offset 72 in 6 ms (kafka.log.Log)
[2017-04-09 18:16:11,998] INFO Logs loading complete in 235 ms. (kafka.log.LogManager)
[2017-04-09 18:16:12,098] INFO Starting log cleanup with a period of 300000 ms. (kafka.log.LogManager)
[2017-04-09 18:16:12,099] INFO Starting log flusher with a default period of 9223372036854775807 ms. (kafka.log.LogManager)
[2017-04-09 18:16:12,150] INFO Awaiting socket connections on 0.0.0.0:9092. (kafka.network.Acceptor)
[2017-04-09 18:16:12,154] INFO [Socket Server on Broker 0], Started 1 acceptor threads (kafka.network.SocketServer)
[2017-04-09 18:16:12,172] INFO [ExpirationReaper-0], Starting  (kafka.server.DelayedOperationPurgatory$ExpiredOperationReaper)
[2017-04-09 18:16:12,173] INFO [ExpirationReaper-0], Starting  (kafka.server.DelayedOperationPurgatory$ExpiredOperationReaper)
[2017-04-09 18:16:12,213] INFO Creating /controller (is it secure? false) (kafka.utils.ZKCheckedEphemeral)
[2017-04-09 18:16:12,219] INFO Result of znode creation is: OK (kafka.utils.ZKCheckedEphemeral)
[2017-04-09 18:16:12,219] INFO 0 successfully elected as leader (kafka.server.ZookeeperLeaderElector)
[2017-04-09 18:16:12,785] INFO New leader is 0 (kafka.server.ZookeeperLeaderElector$LeaderChangeListener)
[2017-04-09 18:16:12,786] INFO [ExpirationReaper-0], Starting  (kafka.server.DelayedOperationPurgatory$ExpiredOperationReaper)
[2017-04-09 18:16:12,788] INFO [ExpirationReaper-0], Starting  (kafka.server.DelayedOperationPurgatory$ExpiredOperationReaper)
[2017-04-09 18:16:12,789] INFO [ExpirationReaper-0], Starting  (kafka.server.DelayedOperationPurgatory$ExpiredOperationReaper)
[2017-04-09 18:16:12,812] INFO [GroupCoordinator 0]: Starting up. (kafka.coordinator.GroupCoordinator)
[2017-04-09 18:16:12,813] INFO [GroupCoordinator 0]: Startup complete. (kafka.coordinator.GroupCoordinator)
[2017-04-09 18:16:12,819] INFO [Group Metadata Manager on Broker 0]: Removed 0 expired offsets in 6 milliseconds. (kafka.coordinator.GroupMetadataManager)
[2017-04-09 18:16:12,842] INFO Will not load MX4J, mx4j-tools.jar is not in the classpath (kafka.utils.Mx4jLoader$)
[2017-04-09 18:16:17,887] INFO Creating /brokers/ids/0 (is it secure? false) (kafka.utils.ZKCheckedEphemeral)
[2017-04-09 18:16:17,890] INFO Result of znode creation is: OK (kafka.utils.ZKCheckedEphemeral)
[2017-04-09 18:16:17,892] INFO Registered broker 0 at path /brokers/ids/0 with addresses: EndPoint(192.168.0.7,9092,ListenerName(PLAINTEXT),PLAINTEXT) (kafka.utils.ZkUtils)
[2017-04-09 18:16:17,907] INFO [Kafka Server 0], started (kafka.server.KafkaServer)
[2017-04-09 18:16:23,063] INFO [ReplicaFetcherManager on broker 0] Removed fetcher for partitions __consumer_offsets-22,__consumer_offsets-30,__consumer_offsets-8,__consumer_offsets-21,__consumer_offsets-4,__consumer_offsets-27,__consumer_offsets-7,__consumer_offsets-9,__consumer_offsets-46,__consumer_offsets-25,__consumer_offsets-35,__consumer_offsets-41,__consumer_offsets-33,__consumer_offsets-23,__consumer_offsets-49,__consumer_offsets-47,__consumer_offsets-16,test-0,__consumer_offsets-28,__consumer_offsets-31,__consumer_offsets-36,__consumer_offsets-42,__consumer_offsets-3,__consumer_offsets-18,__consumer_offsets-37,__consumer_offsets-15,__consumer_offsets-24,__consumer_offsets-38,__consumer_offsets-17,__consumer_offsets-48,__consumer_offsets-19,__consumer_offsets-11,__consumer_offsets-13,__consumer_offsets-2,__consumer_offsets-43,__consumer_offsets-6,__consumer_offsets-14,__consumer_offsets-20,__consumer_offsets-0,__consumer_offsets-44,__consumer_offsets-39,__consumer_offsets-12,__consumer_offsets-45,__consumer_offsets-1,__consumer_offsets-5,__consumer_offsets-26,__consumer_offsets-29,__consumer_offsets-34,__consumer_offsets-10,__consumer_offsets-32,__consumer_offsets-40 (kafka.server.ReplicaFetcherManager)
[2017-04-09 18:16:23,226] INFO [Group Metadata Manager on Broker 0]: Loading offsets and group metadata from __consumer_offsets-22 (kafka.coordinator.GroupMetadataManager)
[2017-04-09 18:16:23,244] INFO [Group Metadata Manager on Broker 0]: Finished loading offsets from __consumer_offsets-22 in 18 milliseconds. (kafka.coordinator.GroupMetadataManager)
[2017-04-09 18:16:23,244] INFO [Group Metadata Manager on Broker 0]: Loading offsets and group metadata from __consumer_offsets-25 (kafka.coordinator.GroupMetadataManager)
[2017-04-09 18:16:23,248] INFO [Group Metadata Manager on Broker 0]: Finished loading offsets from __consumer_offsets-25 in 4 milliseconds. (kafka.coordinator.GroupMetadataManager)
[2017-04-09 18:16:23,248] INFO [Group Metadata Manager on Broker 0]: Loading offsets and group metadata from __consumer_offsets-28 (kafka.coordinator.GroupMetadataManager)
[2017-04-09 18:16:23,252] INFO [ReplicaFetcherManager on broker 0] Removed fetcher for partitions __consumer_offsets-22,__consumer_offsets-30,__consumer_offsets-8,__consumer_offsets-21,__consumer_offsets-4,__consumer_offsets-27,__consumer_offsets-7,__consumer_offsets-9,__consumer_offsets-46,__consumer_offsets-25,__consumer_offsets-35,__consumer_offsets-41,__consumer_offsets-33,__consumer_offsets-23,__consumer_offsets-49,__consumer_offsets-47,__consumer_offsets-16,test-0,__consumer_offsets-28,__consumer_offsets-31,__consumer_offsets-36,__consumer_offsets-42,__consumer_offsets-3,__consumer_offsets-18,__consumer_offsets-37,__consumer_offsets-15,__consumer_offsets-24,__consumer_offsets-38,__consumer_offsets-17,__consumer_offsets-48,__consumer_offsets-19,__consumer_offsets-11,__consumer_offsets-13,__consumer_offsets-2,__consumer_offsets-43,__consumer_offsets-6,__consumer_offsets-14,__consumer_offsets-20,__consumer_offsets-0,__consumer_offsets-44,__consumer_offsets-39,__consumer_offsets-12,__consumer_offsets-45,__consumer_offsets-1,__consumer_offsets-5,__consumer_offsets-26,__consumer_offsets-29,__consumer_offsets-34,__consumer_offsets-10,__consumer_offsets-32,__consumer_offsets-40 (kafka.server.ReplicaFetcherManager)
[2017-04-09 18:16:23,254] INFO [Group Metadata Manager on Broker 0]: Finished loading offsets from __consumer_offsets-28 in 6 milliseconds. (kafka.coordinator.GroupMetadataManager)
[2017-04-09 18:16:23,254] INFO [Group Metadata Manager on Broker 0]: Loading offsets and group metadata from __consumer_offsets-31 (kafka.coordinator.GroupMetadataManager)
[2017-04-09 18:16:23,258] INFO [Group Metadata Manager on Broker 0]: Finished loading offsets from __consumer_offsets-31 in 4 milliseconds. (kafka.coordinator.GroupMetadataManager)
[2017-04-09 18:16:23,258] INFO [Group Metadata Manager on Broker 0]: Loading offsets and group metadata from __consumer_offsets-34 (kafka.coordinator.GroupMetadataManager)
[2017-04-09 18:16:23,261] INFO [Group Metadata Manager on Broker 0]: Finished loading offsets from __consumer_offsets-34 in 3 milliseconds. (kafka.coordinator.GroupMetadataManager)
[2017-04-09 18:16:23,262] INFO [Group Metadata Manager on Broker 0]: Loading offsets and group metadata from __consumer_offsets-37 (kafka.coordinator.GroupMetadataManager)
[2017-04-09 18:16:23,266] INFO [Group Metadata Manager on Broker 0]: Finished loading offsets from __consumer_offsets-37 in 4 milliseconds. (kafka.coordinator.GroupMetadataManager)
[2017-04-09 18:16:23,266] INFO [Group Metadata Manager on Broker 0]: Loading offsets and group metadata from __consumer_offsets-40 (kafka.coordinator.GroupMetadataManager)
[2017-04-09 18:16:23,270] INFO [Group Metadata Manager on Broker 0]: Finished loading offsets from __consumer_offsets-40 in 4 milliseconds. (kafka.coordinator.GroupMetadataManager)
[2017-04-09 18:16:23,271] INFO [Group Metadata Manager on Broker 0]: Loading offsets and group metadata from __consumer_offsets-43 (kafka.coordinator.GroupMetadataManager)
[2017-04-09 18:16:23,274] INFO [Group Metadata Manager on Broker 0]: Finished loading offsets from __consumer_offsets-43 in 3 milliseconds. (kafka.coordinator.GroupMetadataManager)
[2017-04-09 18:16:23,274] INFO [Group Metadata Manager on Broker 0]: Loading offsets and group metadata from __consumer_offsets-46 (kafka.coordinator.GroupMetadataManager)
[2017-04-09 18:16:23,278] INFO [Group Metadata Manager on Broker 0]: Finished loading offsets from __consumer_offsets-46 in 3 milliseconds. (kafka.coordinator.GroupMetadataManager)
[2017-04-09 18:16:23,278] INFO [Group Metadata Manager on Broker 0]: Loading offsets and group metadata from __consumer_offsets-49 (kafka.coordinator.GroupMetadataManager)
[2017-04-09 18:16:23,303] INFO [GroupCoordinator 0]: Loading group metadata for console-consumer-49744 with generation 2 (kafka.coordinator.GroupCoordinator)
[2017-04-09 18:16:23,303] INFO [Group Metadata Manager on Broker 0]: Finished loading offsets from __consumer_offsets-49 in 25 milliseconds. (kafka.coordinator.GroupMetadataManager)
[2017-04-09 18:16:23,303] INFO [Group Metadata Manager on Broker 0]: Loading offsets and group metadata from __consumer_offsets-41 (kafka.coordinator.GroupMetadataManager)
[2017-04-09 18:16:23,307] INFO [Group Metadata Manager on Broker 0]: Finished loading offsets from __consumer_offsets-41 in 4 milliseconds. (kafka.coordinator.GroupMetadataManager)
[2017-04-09 18:16:23,307] INFO [Group Metadata Manager on Broker 0]: Loading offsets and group metadata from __consumer_offsets-44 (kafka.coordinator.GroupMetadataManager)
[2017-04-09 18:16:23,311] INFO [Group Metadata Manager on Broker 0]: Finished loading offsets from __consumer_offsets-44 in 4 milliseconds. (kafka.coordinator.GroupMetadataManager)
[2017-04-09 18:16:23,311] INFO [Group Metadata Manager on Broker 0]: Loading offsets and group metadata from __consumer_offsets-47 (kafka.coordinator.GroupMetadataManager)
[2017-04-09 18:16:23,314] INFO [Group Metadata Manager on Broker 0]: Finished loading offsets from __consumer_offsets-47 in 3 milliseconds. (kafka.coordinator.GroupMetadataManager)
[2017-04-09 18:16:23,314] INFO [Group Metadata Manager on Broker 0]: Loading offsets and group metadata from __consumer_offsets-1 (kafka.coordinator.GroupMetadataManager)
[2017-04-09 18:16:23,319] INFO [Group Metadata Manager on Broker 0]: Finished loading offsets from __consumer_offsets-1 in 5 milliseconds. (kafka.coordinator.GroupMetadataManager)
[2017-04-09 18:16:23,319] INFO [Group Metadata Manager on Broker 0]: Loading offsets and group metadata from __consumer_offsets-4 (kafka.coordinator.GroupMetadataManager)
[2017-04-09 18:16:23,322] INFO [Group Metadata Manager on Broker 0]: Finished loading offsets from __consumer_offsets-4 in 3 milliseconds. (kafka.coordinator.GroupMetadataManager)
[2017-04-09 18:16:23,322] INFO [Group Metadata Manager on Broker 0]: Loading offsets and group metadata from __consumer_offsets-7 (kafka.coordinator.GroupMetadataManager)
[2017-04-09 18:16:23,325] INFO [Group Metadata Manager on Broker 0]: Finished loading offsets from __consumer_offsets-7 in 3 milliseconds. (kafka.coordinator.GroupMetadataManager)
[2017-04-09 18:16:23,325] INFO [Group Metadata Manager on Broker 0]: Loading offsets and group metadata from __consumer_offsets-10 (kafka.coordinator.GroupMetadataManager)
[2017-04-09 18:16:23,328] INFO [Group Metadata Manager on Broker 0]: Finished loading offsets from __consumer_offsets-10 in 3 milliseconds. (kafka.coordinator.GroupMetadataManager)
[2017-04-09 18:16:23,329] INFO [Group Metadata Manager on Broker 0]: Loading offsets and group metadata from __consumer_offsets-13 (kafka.coordinator.GroupMetadataManager)
[2017-04-09 18:16:23,331] INFO [Group Metadata Manager on Broker 0]: Finished loading offsets from __consumer_offsets-13 in 2 milliseconds. (kafka.coordinator.GroupMetadataManager)
[2017-04-09 18:16:23,332] INFO [Group Metadata Manager on Broker 0]: Loading offsets and group metadata from __consumer_offsets-16 (kafka.coordinator.GroupMetadataManager)
[2017-04-09 18:16:23,334] INFO [Group Metadata Manager on Broker 0]: Finished loading offsets from __consumer_offsets-16 in 2 milliseconds. (kafka.coordinator.GroupMetadataManager)
[2017-04-09 18:16:23,335] INFO [Group Metadata Manager on Broker 0]: Loading offsets and group metadata from __consumer_offsets-19 (kafka.coordinator.GroupMetadataManager)
[2017-04-09 18:16:23,337] INFO [Group Metadata Manager on Broker 0]: Finished loading offsets from __consumer_offsets-19 in 2 milliseconds. (kafka.coordinator.GroupMetadataManager)
[2017-04-09 18:16:23,338] INFO [Group Metadata Manager on Broker 0]: Loading offsets and group metadata from __consumer_offsets-2 (kafka.coordinator.GroupMetadataManager)
[2017-04-09 18:16:23,340] INFO [Group Metadata Manager on Broker 0]: Finished loading offsets from __consumer_offsets-2 in 2 milliseconds. (kafka.coordinator.GroupMetadataManager)
[2017-04-09 18:16:23,340] INFO [Group Metadata Manager on Broker 0]: Loading offsets and group metadata from __consumer_offsets-5 (kafka.coordinator.GroupMetadataManager)
[2017-04-09 18:16:23,343] INFO [Group Metadata Manager on Broker 0]: Finished loading offsets from __consumer_offsets-5 in 3 milliseconds. (kafka.coordinator.GroupMetadataManager)
[2017-04-09 18:16:23,344] INFO [Group Metadata Manager on Broker 0]: Loading offsets and group metadata from __consumer_offsets-8 (kafka.coordinator.GroupMetadataManager)
[2017-04-09 18:16:23,347] INFO [Group Metadata Manager on Broker 0]: Finished loading offsets from __consumer_offsets-8 in 3 milliseconds. (kafka.coordinator.GroupMetadataManager)
[2017-04-09 18:16:23,348] INFO [Group Metadata Manager on Broker 0]: Loading offsets and group metadata from __consumer_offsets-11 (kafka.coordinator.GroupMetadataManager)
[2017-04-09 18:16:23,352] INFO [GroupCoordinator 0]: Loading group metadata for console-consumer-98616 with generation 2 (kafka.coordinator.GroupCoordinator)
[2017-04-09 18:16:23,353] INFO [Group Metadata Manager on Broker 0]: Finished loading offsets from __consumer_offsets-11 in 5 milliseconds. (kafka.coordinator.GroupMetadataManager)
[2017-04-09 18:16:23,353] INFO [Group Metadata Manager on Broker 0]: Loading offsets and group metadata from __consumer_offsets-14 (kafka.coordinator.GroupMetadataManager)
[2017-04-09 18:16:23,356] INFO [GroupCoordinator 0]: Loading group metadata for console-consumer-12361 with generation 2 (kafka.coordinator.GroupCoordinator)
[2017-04-09 18:16:23,356] INFO [Group Metadata Manager on Broker 0]: Finished loading offsets from __consumer_offsets-14 in 3 milliseconds. (kafka.coordinator.GroupMetadataManager)
[2017-04-09 18:16:23,357] INFO [Group Metadata Manager on Broker 0]: Loading offsets and group metadata from __consumer_offsets-17 (kafka.coordinator.GroupMetadataManager)
[2017-04-09 18:16:23,360] INFO [Group Metadata Manager on Broker 0]: Finished loading offsets from __consumer_offsets-17 in 3 milliseconds. (kafka.coordinator.GroupMetadataManager)
[2017-04-09 18:16:23,360] INFO [Group Metadata Manager on Broker 0]: Loading offsets and group metadata from __consumer_offsets-20 (kafka.coordinator.GroupMetadataManager)
[2017-04-09 18:16:23,362] INFO [Group Metadata Manager on Broker 0]: Finished loading offsets from __consumer_offsets-20 in 2 milliseconds. (kafka.coordinator.GroupMetadataManager)
[2017-04-09 18:16:23,363] INFO [Group Metadata Manager on Broker 0]: Loading offsets and group metadata from __consumer_offsets-23 (kafka.coordinator.GroupMetadataManager)
[2017-04-09 18:16:23,365] INFO [Group Metadata Manager on Broker 0]: Finished loading offsets from __consumer_offsets-23 in 2 milliseconds. (kafka.coordinator.GroupMetadataManager)
[2017-04-09 18:16:23,366] INFO [Group Metadata Manager on Broker 0]: Loading offsets and group metadata from __consumer_offsets-26 (kafka.coordinator.GroupMetadataManager)
[2017-04-09 18:16:23,370] INFO [Group Metadata Manager on Broker 0]: Finished loading offsets from __consumer_offsets-26 in 4 milliseconds. (kafka.coordinator.GroupMetadataManager)
[2017-04-09 18:16:23,370] INFO [Group Metadata Manager on Broker 0]: Loading offsets and group metadata from __consumer_offsets-29 (kafka.coordinator.GroupMetadataManager)
[2017-04-09 18:16:23,373] INFO [GroupCoordinator 0]: Loading group metadata for console-consumer-5735 with generation 2 (kafka.coordinator.GroupCoordinator)
[2017-04-09 18:16:23,373] INFO [Group Metadata Manager on Broker 0]: Finished loading offsets from __consumer_offsets-29 in 3 milliseconds. (kafka.coordinator.GroupMetadataManager)
[2017-04-09 18:16:23,373] INFO [Group Metadata Manager on Broker 0]: Loading offsets and group metadata from __consumer_offsets-32 (kafka.coordinator.GroupMetadataManager)
[2017-04-09 18:16:23,376] INFO [Group Metadata Manager on Broker 0]: Finished loading offsets from __consumer_offsets-32 in 3 milliseconds. (kafka.coordinator.GroupMetadataManager)
[2017-04-09 18:16:23,376] INFO [Group Metadata Manager on Broker 0]: Loading offsets and group metadata from __consumer_offsets-35 (kafka.coordinator.GroupMetadataManager)
[2017-04-09 18:16:23,379] INFO [Group Metadata Manager on Broker 0]: Finished loading offsets from __consumer_offsets-35 in 3 milliseconds. (kafka.coordinator.GroupMetadataManager)
[2017-04-09 18:16:23,379] INFO [Group Metadata Manager on Broker 0]: Loading offsets and group metadata from __consumer_offsets-38 (kafka.coordinator.GroupMetadataManager)
[2017-04-09 18:16:23,382] INFO [Group Metadata Manager on Broker 0]: Finished loading offsets from __consumer_offsets-38 in 3 milliseconds. (kafka.coordinator.GroupMetadataManager)
[2017-04-09 18:16:23,382] INFO [Group Metadata Manager on Broker 0]: Loading offsets and group metadata from __consumer_offsets-0 (kafka.coordinator.GroupMetadataManager)
[2017-04-09 18:16:23,387] INFO [GroupCoordinator 0]: Loading group metadata for console-consumer-22915 with generation 2 (kafka.coordinator.GroupCoordinator)
[2017-04-09 18:16:23,388] INFO [Group Metadata Manager on Broker 0]: Finished loading offsets from __consumer_offsets-0 in 6 milliseconds. (kafka.coordinator.GroupMetadataManager)
[2017-04-09 18:16:23,388] INFO [Group Metadata Manager on Broker 0]: Loading offsets and group metadata from __consumer_offsets-3 (kafka.coordinator.GroupMetadataManager)
[2017-04-09 18:16:23,392] INFO [Group Metadata Manager on Broker 0]: Finished loading offsets from __consumer_offsets-3 in 3 milliseconds. (kafka.coordinator.GroupMetadataManager)
[2017-04-09 18:16:23,392] INFO [Group Metadata Manager on Broker 0]: Loading offsets and group metadata from __consumer_offsets-6 (kafka.coordinator.GroupMetadataManager)
[2017-04-09 18:16:23,395] INFO [Group Metadata Manager on Broker 0]: Finished loading offsets from __consumer_offsets-6 in 3 milliseconds. (kafka.coordinator.GroupMetadataManager)
[2017-04-09 18:16:23,396] INFO [Group Metadata Manager on Broker 0]: Loading offsets and group metadata from __consumer_offsets-9 (kafka.coordinator.GroupMetadataManager)
[2017-04-09 18:16:23,400] INFO [Group Metadata Manager on Broker 0]: Finished loading offsets from __consumer_offsets-9 in 3 milliseconds. (kafka.coordinator.GroupMetadataManager)
[2017-04-09 18:16:23,400] INFO [Group Metadata Manager on Broker 0]: Loading offsets and group metadata from __consumer_offsets-12 (kafka.coordinator.GroupMetadataManager)
[2017-04-09 18:16:23,407] INFO [Group Metadata Manager on Broker 0]: Finished loading offsets from __consumer_offsets-12 in 7 milliseconds. (kafka.coordinator.GroupMetadataManager)
[2017-04-09 18:16:23,407] INFO [Group Metadata Manager on Broker 0]: Loading offsets and group metadata from __consumer_offsets-15 (kafka.coordinator.GroupMetadataManager)
[2017-04-09 18:16:23,408] INFO [Group Metadata Manager on Broker 0]: Finished loading offsets from __consumer_offsets-15 in 1 milliseconds. (kafka.coordinator.GroupMetadataManager)
[2017-04-09 18:16:23,409] INFO [Group Metadata Manager on Broker 0]: Loading offsets and group metadata from __consumer_offsets-18 (kafka.coordinator.GroupMetadataManager)
[2017-04-09 18:16:23,410] INFO [Group Metadata Manager on Broker 0]: Finished loading offsets from __consumer_offsets-18 in 0 milliseconds. (kafka.coordinator.GroupMetadataManager)
[2017-04-09 18:16:23,410] INFO [Group Metadata Manager on Broker 0]: Loading offsets and group metadata from __consumer_offsets-21 (kafka.coordinator.GroupMetadataManager)
[2017-04-09 18:16:23,411] INFO [Group Metadata Manager on Broker 0]: Finished loading offsets from __consumer_offsets-21 in 1 milliseconds. (kafka.coordinator.GroupMetadataManager)
[2017-04-09 18:16:23,411] INFO [Group Metadata Manager on Broker 0]: Loading offsets and group metadata from __consumer_offsets-24 (kafka.coordinator.GroupMetadataManager)
[2017-04-09 18:16:23,412] INFO [Group Metadata Manager on Broker 0]: Finished loading offsets from __consumer_offsets-24 in 1 milliseconds. (kafka.coordinator.GroupMetadataManager)
[2017-04-09 18:16:23,412] INFO [Group Metadata Manager on Broker 0]: Loading offsets and group metadata from __consumer_offsets-27 (kafka.coordinator.GroupMetadataManager)
[2017-04-09 18:16:23,413] INFO [Group Metadata Manager on Broker 0]: Finished loading offsets from __consumer_offsets-27 in 0 milliseconds. (kafka.coordinator.GroupMetadataManager)
[2017-04-09 18:16:23,414] INFO [Group Metadata Manager on Broker 0]: Loading offsets and group metadata from __consumer_offsets-30 (kafka.coordinator.GroupMetadataManager)
[2017-04-09 18:16:23,415] INFO [Group Metadata Manager on Broker 0]: Finished loading offsets from __consumer_offsets-30 in 1 milliseconds. (kafka.coordinator.GroupMetadataManager)
[2017-04-09 18:16:23,415] INFO [Group Metadata Manager on Broker 0]: Loading offsets and group metadata from __consumer_offsets-33 (kafka.coordinator.GroupMetadataManager)
[2017-04-09 18:16:23,416] INFO [Group Metadata Manager on Broker 0]: Finished loading offsets from __consumer_offsets-33 in 1 milliseconds. (kafka.coordinator.GroupMetadataManager)
[2017-04-09 18:16:23,416] INFO [Group Metadata Manager on Broker 0]: Loading offsets and group metadata from __consumer_offsets-36 (kafka.coordinator.GroupMetadataManager)
[2017-04-09 18:16:23,418] INFO [Group Metadata Manager on Broker 0]: Finished loading offsets from __consumer_offsets-36 in 1 milliseconds. (kafka.coordinator.GroupMetadataManager)
[2017-04-09 18:16:23,418] INFO [Group Metadata Manager on Broker 0]: Loading offsets and group metadata from __consumer_offsets-39 (kafka.coordinator.GroupMetadataManager)
[2017-04-09 18:16:23,428] INFO [Group Metadata Manager on Broker 0]: Finished loading offsets from __consumer_offsets-39 in 10 milliseconds. (kafka.coordinator.GroupMetadataManager)
[2017-04-09 18:16:23,428] INFO [Group Metadata Manager on Broker 0]: Loading offsets and group metadata from __consumer_offsets-42 (kafka.coordinator.GroupMetadataManager)
[2017-04-09 18:16:23,430] INFO [Group Metadata Manager on Broker 0]: Finished loading offsets from __consumer_offsets-42 in 1 milliseconds. (kafka.coordinator.GroupMetadataManager)
[2017-04-09 18:16:23,435] INFO [Group Metadata Manager on Broker 0]: Loading offsets and group metadata from __consumer_offsets-45 (kafka.coordinator.GroupMetadataManager)
[2017-04-09 18:16:23,436] INFO [Group Metadata Manager on Broker 0]: Finished loading offsets from __consumer_offsets-45 in 1 milliseconds. (kafka.coordinator.GroupMetadataManager)
[2017-04-09 18:16:23,436] INFO [Group Metadata Manager on Broker 0]: Loading offsets and group metadata from __consumer_offsets-48 (kafka.coordinator.GroupMetadataManager)
[2017-04-09 18:16:23,437] INFO [Group Metadata Manager on Broker 0]: Finished loading offsets from __consumer_offsets-48 in 0 milliseconds. (kafka.coordinator.GroupMetadataManager)
[2017-04-09 18:16:36,664] INFO [GroupCoordinator 0]: Preparing to restabilize group console-consumer-73716 with old generation 0 (kafka.coordinator.GroupCoordinator)
[2017-04-09 18:16:36,670] INFO [GroupCoordinator 0]: Stabilized group console-consumer-73716 generation 1 (kafka.coordinator.GroupCoordinator)
[2017-04-09 18:16:36,679] INFO [GroupCoordinator 0]: Assignment received from leader for group console-consumer-73716 for generation 1 (kafka.coordinator.GroupCoordinator)
[2017-04-09 18:16:40,361] INFO [GroupCoordinator 0]: Preparing to restabilize group console-consumer-73716 with old generation 1 (kafka.coordinator.GroupCoordinator)
[2017-04-09 18:16:40,362] INFO [GroupCoordinator 0]: Group console-consumer-73716 with generation 2 is now empty (kafka.coordinator.GroupCoordinator)
[2017-04-09 18:26:12,822] INFO [Group Metadata Manager on Broker 0]: Removed 0 expired offsets in 2 milliseconds. (kafka.coordinator.GroupMetadataManager)
